Wed Apr 30 16:07:11 AEST 2025 : Apache Derby 네트워크 서버 - 10.10.2.0 - (1582446)이(가) 시작되어 1527 포트에서 접속을 승인할 준비가 되었습니다.
----------------------------------------------------------------
Wed Apr 30 16:07:11 AEST 2025:
 클래스 로더 sun.misc.Launcher$AppClassLoader@1d44bcfa이(가) 있는 데이터베이스 디렉토리 C:\Users\lemon\AppData\Roaming\NetBeans\Derby\iotbaydb에서 
 Derby 버전 The Apache Software Foundation - Apache Derby - 10.10.2.0 - (1582446): 인스턴스 a816c00e-0196-854e-6aa3-ffffb98eb808 부팅 중 
file:/C:/Users/lemon/GlassFish_Server/javadb/lib/derby.jar에서 로드됨
java.vendor=Oracle Corporation
java.runtime.version=1.8.0_202-b08
user.dir=C:\Users\lemon\GlassFish_Server\javadb
os.name=Windows 10
os.arch=amd64
os.version=10.0
derby.system.home=C:\Users\lemon\AppData\Roaming\NetBeans\Derby
데이터베이스 클래스 로더가 시작됨 - derby.database.classpath=''
----------------------------------------------------------------
Wed Apr 30 17:18:04 AEST 2025: Derby 엔진 종료
----------------------------------------------------------------
Wed Apr 30 17:18:04 AEST 2025:
클래스 로더 sun.misc.Launcher$AppClassLoader@1d44bcfa이(가) 있는 데이터베이스 디렉토리 C:\Users\lemon\AppData\Roaming\NetBeans\Derby\iotbaydb의 인스턴스 a816c00e-0196-854e-6aa3-ffffb98eb808 종료 
----------------------------------------------------------------
